<?xml version="1.0" encoding="UTF-8"?>
<testsuite name="com.server.dosopt.seminar.ServerSeminarApplicationTests" tests="1" skipped="0" failures="0" errors="0" timestamp="2023-10-07T07:25:32" hostname="DESKTOP-GREO1R6" time="1.401">
  <properties/>
  <testcase name="contextLoads()" classname="com.server.dosopt.seminar.ServerSeminarApplicationTests" time="1.401"/>
  <system-out><![CDATA[16:25:27.265 [Test worker] DEBUG org.springframework.boot.test.context.SpringBootTestContextBootstrapper -- Neither @ContextConfiguration nor @ContextHierarchy found for test class [ServerSeminarApplicationTests]: using SpringBootContextLoader
16:25:27.285 [Test worker] DEBUG org.springframework.test.context.support.AbstractContextLoader -- Could not detect default resource locations for test class [com.server.dosopt.seminar.ServerSeminarApplicationTests]: no resource found for suffixes {-context.xml, Context.groovy}.
16:25:27.288 [Test worker] INFO org.springframework.test.context.support.AnnotationConfigContextLoaderUtils -- Could not detect default configuration classes for test class [com.server.dosopt.seminar.ServerSeminarApplicationTests]: ServerSeminarApplicationTests does not declare any static, non-private, non-final, nested classes annotated with @Configuration.
16:25:27.402 [Test worker] DEBUG org.springframework.boot.test.context.SpringBootTestContextBootstrapper -- Using ContextCustomizers for test class [ServerSeminarApplicationTests]: [DisableObservabilityContextCustomizer, PropertyMappingContextCustomizer, WebDriverContextCustomizer, ExcludeFilterContextCustomizer, DuplicateJsonObjectContextCustomizer, MockitoContextCustomizer, TestRestTemplateContextCustomizer]
16:25:27.741 [Test worker] DEBUG org.springframework.context.annotation.ClassPathScanningCandidateComponentProvider -- Identified candidate component class: file [C:\seminar\build\classes\java\main\com\server\dosopt\seminar\ServerSeminarApplication.class]
16:25:27.748 [Test worker] INFO org.springframework.boot.test.context.SpringBootTestContextBootstrapper -- Found @SpringBootConfiguration com.server.dosopt.seminar.ServerSeminarApplication for test class com.server.dosopt.seminar.ServerSeminarApplicationTests
16:25:28.326 [Test worker] DEBUG org.springframework.test.context.util.TestContextSpringFactoriesUtils -- Skipping candidate TestExecutionListener [org.springframework.test.context.observation.MicrometerObservationRegistryTestExecutionListener] due to a missing dependency. Specify custom TestExecutionListener classes or make the default TestExecutionListener classes and their required dependencies available. Offending class: io.micrometer.context.ThreadLocalAccessor. MicrometerObservationRegistryTestExecutionListener requires io.micrometer:micrometer-observation:1.10.8 or higher and io.micrometer:context-propagation:1.0.3 or higher.
16:25:28.331 [Test worker] DEBUG org.springframework.test.context.util.TestContextSpringFactoriesUtils -- Skipping candidate TestExecutionListener [org.springframework.test.context.transaction.TransactionalTestExecutionListener] due to a missing dependency. Specify custom TestExecutionListener classes or make the default TestExecutionListener classes and their required dependencies available. Offending class: org/springframework/transaction/interceptor/TransactionAttributeSource
16:25:28.336 [Test worker] DEBUG org.springframework.test.context.util.TestContextSpringFactoriesUtils -- Skipping candidate TestExecutionListener [org.springframework.test.context.jdbc.SqlScriptsTestExecutionListener] due to a missing dependency. Specify custom TestExecutionListener classes or make the default TestExecutionListener classes and their required dependencies available. Offending class: org/springframework/transaction/interceptor/TransactionAttribute
16:25:28.341 [Test worker] DEBUG org.springframework.boot.test.context.SpringBootTestContextBootstrapper -- Using TestExecutionListeners for test class [ServerSeminarApplicationTests]: [ServletTestExecutionListener, DirtiesContextBeforeModesTestExecutionListener, ApplicationEventsTestExecutionListener, MockitoTestExecutionListener, DependencyInjectionTestExecutionListener, DirtiesContextTestExecutionListener, EventPublishingTestExecutionListener, RestDocsTestExecutionListener, MockRestServiceServerResetTestExecutionListener, MockMvcPrintOnlyOnFailureTestExecutionListener, WebDriverTestExecutionListener, MockWebServiceServerTestExecutionListener, ResetMocksTestExecutionListener]
16:25:28.345 [Test worker] DEBUG org.springframework.test.context.support.DirtiesContextBeforeModesTestExecutionListener -- Before test class: class [ServerSeminarApplicationTests], class annotated with @DirtiesContext [false] with mode [null]

  .   ____          _            __ _ _
 /\\ / ___'_ __ _ _(_)_ __  __ _ \ \ \ \
( ( )\___ | '_ | '_| | '_ \/ _` | \ \ \ \
 \\/  ___)| |_)| | | | | || (_| |  ) ) ) )
  '  |____| .__|_| |_|_| |_\__, | / / / /
 =========|_|==============|___/=/_/_/_/
 :: Spring Boot ::               (v3.0.11)

2023-10-07T16:25:29.259+09:00  INFO 27380 --- [    Test worker] c.s.d.s.ServerSeminarApplicationTests    : Starting ServerSeminarApplicationTests using Java 17.0.8 with PID 27380 (started by chan in C:\seminar)
2023-10-07T16:25:29.262+09:00  INFO 27380 --- [    Test worker] c.s.d.s.ServerSeminarApplicationTests    : No active profile set, falling back to 1 default profile: "default"
2023-10-07T16:25:32.478+09:00  INFO 27380 --- [    Test worker] c.s.d.s.ServerSeminarApplicationTests    : Started ServerSeminarApplicationTests in 3.991 seconds (process running for 9.024)
]]></system-out>
  <system-err><![CDATA[]]></system-err>
</testsuite>
